<?xml version="1.0" encoding="UTF-8"?>
<!-- Generated by org.testng.reporters.JUnitReportReporter -->
<testsuite hostname="DESKTOP-QA7IFKP" failures="0" tests="4" name="com.TestNG.Base.TestNgclass" time="14.537" errors="0" timestamp="2022-08-18T12:08:18 IST" skipped="0">
  <testcase classname="com.TestNG.Base.TestNgclass" name="check_added_doctor_details" time="4.711"/>
  <system-out/>
  <testcase classname="com.TestNG.Base.TestNgclass" name="Verify_deleted_doctor_details" time="7.127"/>
  <system-out/>
  <testcase classname="com.TestNG.Base.TestNgclass" name="edit_Doctor_Name" time="2.691"/>
  <system-out/>
  <testcase classname="com.TestNG.Base.TestNgclass" name="cancelAppointment" time="0.008"/>
  <system-out/>
</testsuite> <!-- com.TestNG.Base.TestNgclass -->
