<?xml version="1.0" encoding="UTF-8"?>
<!-- Generated by org.testng.reporters.JUnitReportReporter -->
<testsuite hostname="DESKTOP-QA7IFKP" failures="0" tests="4" name="com.DearDoctorPractice.EditMyprofileTest" time="0.021" errors="0" timestamp="2022-08-19T13:03:24 IST" skipped="0">
  <testcase classname="com.DearDoctorPractice.EditMyprofileTest" name="editaddress" time="0.001"/>
  <system-out/>
  <testcase classname="com.DearDoctorPractice.EditMyprofileTest" name="editMobno" time="0.017"/>
  <system-out/>
  <testcase classname="com.DearDoctorPractice.EditMyprofileTest" name="editName" time="0.002"/>
  <system-out/>
  <testcase classname="com.DearDoctorPractice.EditMyprofileTest" name="editemail" time="0.001"/>
  <system-out/>
</testsuite> <!-- com.DearDoctorPractice.EditMyprofileTest -->
