<?xml version="1.0" encoding="UTF-8"?>
<!-- Generated by org.testng.reporters.JUnitReportReporter -->
<testsuite hostname="DESKTOP-QA7IFKP" failures="0" tests="2" name="com.DearDoctorPractice.ViewAppointmentHistoryTest" time="0.003" errors="0" timestamp="2022-08-19T13:03:24 IST" skipped="0">
  <testcase classname="com.DearDoctorPractice.ViewAppointmentHistoryTest" name="deleteappointment" time="0.001"/>
  <system-out/>
  <testcase classname="com.DearDoctorPractice.ViewAppointmentHistoryTest" name="patientappointmentHistory" time="0.002"/>
  <system-out/>
</testsuite> <!-- com.DearDoctorPractice.ViewAppointmentHistoryTest -->
