<?xml version="1.0" encoding="UTF-8"?>
<!-- Generated by org.testng.reporters.JUnitReportReporter -->
<testsuite hostname="DESKTOP-QA7IFKP" failures="0" tests="1" name="com.TestNG.Base.EditDoctorName" time="2.559" errors="0" timestamp="2022-08-19T13:10:11 IST" skipped="0">
  <testcase classname="com.TestNG.Base.EditDoctorName" name="edit_Doctor_Name" time="2.559"/>
  <system-out/>
</testsuite> <!-- com.TestNG.Base.EditDoctorName -->
