<?xml version="1.0" encoding="UTF-8"?>
<!-- Generated by org.testng.reporters.JUnitReportReporter -->
<testsuite skipped="0" hostname="DESKTOP-QA7IFKP" name="com.TestNG.Base.TestNgclasstest" tests="4" failures="0" timestamp="2022-08-25T11:03:25 IST" time="11.214" errors="0">
  <testcase name="edit_Doctor_Name" time="2.624" classname="com.TestNG.Base.TestNgclasstest"/>
  <system-out/>
  <testcase name="cancelAppointment" time="0.001" classname="com.TestNG.Base.TestNgclasstest"/>
  <system-out/>
  <testcase name="check_added_doctor_details" time="3.779" classname="com.TestNG.Base.TestNgclasstest"/>
  <system-out/>
  <testcase name="Verify_deleted_doctor_details" time="4.810" classname="com.TestNG.Base.TestNgclasstest"/>
  <system-out/>
</testsuite> <!-- com.TestNG.Base.TestNgclasstest -->
