<?xml version="1.0" encoding="UTF-8"?>
<!-- Generated by org.testng.reporters.JUnitReportReporter -->
<testsuite hostname="DESKTOP-QA7IFKP" failures="0" tests="1" name="com.TestNG.Base.DeletedDoctorDetails" time="3.741" errors="0" timestamp="2022-08-19T13:10:11 IST" skipped="0">
  <testcase classname="com.TestNG.Base.DeletedDoctorDetails" name="Verify_deleted_doctor_details" time="3.741"/>
  <system-out/>
</testsuite> <!-- com.TestNG.Base.DeletedDoctorDetails -->
