<?xml version="1.0" encoding="UTF-8"?>
<!-- Generated by org.testng.reporters.JUnitReportReporter -->
<testsuite skipped="0" hostname="DESKTOP-QA7IFKP" name="com.TestNG.Base.TestNgclasstest" tests="4" failures="0" timestamp="25 Aug 2022 10:34:07 GMT" time="24.731" errors="0">
  <testcase name="cancelAppointment" time="0.003" classname="com.TestNG.Base.TestNgclasstest"/>
  <testcase name="check_added_doctor_details" time="7.795" classname="com.TestNG.Base.TestNgclasstest"/>
  <testcase name="Verify_deleted_doctor_details" time="11.019" classname="com.TestNG.Base.TestNgclasstest"/>
  <testcase name="edit_Doctor_Name" time="5.914" classname="com.TestNG.Base.TestNgclasstest"/>
</testsuite> <!-- com.TestNG.Base.TestNgclasstest -->
