<?xml version="1.0" encoding="UTF-8"?>
<!-- Generated by org.testng.reporters.JUnitXMLReporter -->
<testsuite ignored="0" hostname="DESKTOP-QA7IFKP" failures="0" tests="5" name="Test-Runner-Chrome" time="0.058" errors="0" timestamp="2022-08-17T17:11:28 IST">
  <testcase classname="com.DearDoctorPractice.EditMyprofileTest" name="editProfile" time="0.008"/>
  <testcase classname="com.DearDoctorPractice.BookAppointmentTest" name="createAppointment" time="0.001"/>
  <testcase classname="com.DearDoctorPractice.AddDoctor" name="addDoctor" time="0.002"/>
  <testcase classname="com.DearDoctorPractice.AddDoctor" name="madDoctor" time="0.001"/>
  <testcase classname="com.DearDoctorPractice.ViewAppointmentHistoryTest" name="appointmentHistory" time="0.002"/>
</testsuite> <!-- Test-Runner-Chrome -->
